<?xml version="1.0" encoding="UTF-8"?>
<testsuite xmlns:xsi="http://www.w3.org/2001/XMLSchema-instance" xsi:noNamespaceSchemaLocation="https://maven.apache.org/surefire/maven-surefire-plugin/xsd/surefire-test-report.xsd" name="com.khdour.AppTest" time="0.035" tests="2" errors="0" skipped="0" failures="1">
  <properties>
[...]
</properties>
  <testcase name="shouldAnswerWithTrue" classname="com.khdour.AppTest" time="0.003"/>
  <testcase name="searchBookwithIBN1211" classname="com.khdour.AppTest" time="0.009">
    <failure message="expected:&lt;Book{ISBN=&apos;1211&apos;, Title=&apos;hello&apos;, Author=&apos;khdour&apos;, price=20.0}&gt; but was:&lt;null&gt;" type="java.lang.AssertionError"><![CDATA[java.lang.AssertionError: expected:<Book{ISBN='1211', Title='hello', Author='khdour', price=20.0}> but was:<null>
	at com.khdour.AppTest.searchBookwithIBN1211(AppTest.java:27)
]]></failure>
    <system-out><![CDATA[Book added: Title: hello, ISBN: 1211, Author: khdour, Price: 20.0
book not found
]]></system-out>
  </testcase>
</testsuite>